<?xml version="1.0" encoding="UTF-8"?>
<!-- Generated by org.testng.reporters.JUnitXMLReporter -->
<testsuite hostname="mohammedathera" ignored="0" name="Test" tests="1" failures="0" timestamp="28 May 2020 23:36:12 GMT" time="1.451" errors="0">
  <testcase name="@BeforeMethod setup" time="1.41" classname="Test_Scripts.Calculator_testcase">
    <failure type="org.openqa.selenium.SessionNotCreatedException" message="Unable to create a new remote session. Please check the server log for more details. Original error: An unknown server-side error occurred while processing the command. Original error: Could not find &amp;apos;adb&amp;apos; in [&amp;quot;/home/mohammedathera/Android/sdk/platform-tools/platform-tools/adb&amp;quot;,&amp;quot;/home/mohammedathera/Android/sdk/platform-tools/emulator/adb&amp;quot;,&amp;quot;/home/mohammedathera/Android/sdk/platform-tools/tools/adb&amp;quot;,&amp;quot;/home/mohammedathera/Android/sdk/platform-tools/tools/bin/adb&amp;quot;]. Do you have Android Build Tools installed at &amp;apos;/home/mohammedathera/Android/sdk/platform-tools&amp;apos;?
Build info: version: &amp;apos;3.141.59&amp;apos;, revision: &amp;apos;e82be7d358&amp;apos;, time: &amp;apos;2018-11-14T08:17:03&amp;apos;
System info: host: &amp;apos;mohammedathera&amp;apos;, ip: &amp;apos;127.0.1.1&amp;apos;, os.name: &amp;apos;Linux&amp;apos;, os.arch: &amp;apos;amd64&amp;apos;, os.version: &amp;apos;5.2.17-1rodete3-amd64&amp;apos;, java.version: &amp;apos;1.8.0_232&amp;apos;
Driver info: driver.version: AppiumDriver
remote stacktrace: UnknownError: An unknown server-side error occurred while processing the command. Original error: Could not find &amp;apos;adb&amp;apos; in [&amp;quot;/home/mohammedathera/Android/sdk/platform-tools/platform-tools/adb&amp;quot;,&amp;quot;/home/mohammedathera/Android/sdk/platform-tools/emulator/adb&amp;quot;,&amp;quot;/home/mohammedathera/Android/sdk/platform-tools/tools/adb&amp;quot;,&amp;quot;/home/mohammedathera/Android/sdk/platform-tools/tools/bin/adb&amp;quot;]. Do you have Android Build Tools installed at &amp;apos;/home/mohammedathera/Android/sdk/platform-tools&amp;apos;?
    at getResponseForW3CError (/home/mohammedathera/.npm-packages/lib/node_modules/appium/node_modules/appium-base-driver/lib/protocol/errors.js:804:9)
    at asyncHandler (/home/mohammedathera/.npm-packages/lib/node_modules/appium/node_modules/appium-base-driver/lib/protocol/protocol.js:388:37)
Build info: version: &amp;apos;3.141.59&amp;apos;, revision: &amp;apos;e82be7d358&amp;apos;, time: &amp;apos;2018-11-14T08:17:03&amp;apos;
System info: host: &amp;apos;mohammedathera&amp;apos;, ip: &amp;apos;127.0.1.1&amp;apos;, os.name: &amp;apos;Linux&amp;apos;, os.arch: &amp;apos;amd64&amp;apos;, os.version: &amp;apos;5.2.17-1rodete3-amd64&amp;apos;, java.version: &amp;apos;1.8.0_232&amp;apos;
Driver info: driver.version: AppiumDriver">
      <![CDATA[org.openqa.selenium.SessionNotCreatedException: Unable to create a new remote session. Please check the server log for more details. Original error: An unknown server-side error occurred while processing the command. Original error: Could not find 'adb' in ["/home/mohammedathera/Android/sdk/platform-tools/platform-tools/adb","/home/mohammedathera/Android/sdk/platform-tools/emulator/adb","/home/mohammedathera/Android/sdk/platform-tools/tools/adb","/home/mohammedathera/Android/sdk/platform-tools/tools/bin/adb"]. Do you have Android Build Tools installed at '/home/mohammedathera/Android/sdk/platform-tools'?
Build info: version: '3.141.59', revision: 'e82be7d358', time: '2018-11-14T08:17:03'
System info: host: 'mohammedathera', ip: '127.0.1.1', os.name: 'Linux', os.arch: 'amd64', os.version: '5.2.17-1rodete3-amd64', java.version: '1.8.0_232'
Driver info: driver.version: AppiumDriver
remote stacktrace: UnknownError: An unknown server-side error occurred while processing the command. Original error: Could not find 'adb' in ["/home/mohammedathera/Android/sdk/platform-tools/platform-tools/adb","/home/mohammedathera/Android/sdk/platform-tools/emulator/adb","/home/mohammedathera/Android/sdk/platform-tools/tools/adb","/home/mohammedathera/Android/sdk/platform-tools/tools/bin/adb"]. Do you have Android Build Tools installed at '/home/mohammedathera/Android/sdk/platform-tools'?
    at getResponseForW3CError (/home/mohammedathera/.npm-packages/lib/node_modules/appium/node_modules/appium-base-driver/lib/protocol/errors.js:804:9)
    at asyncHandler (/home/mohammedathera/.npm-packages/lib/node_modules/appium/node_modules/appium-base-driver/lib/protocol/protocol.js:388:37)
Build info: version: '3.141.59', revision: 'e82be7d358', time: '2018-11-14T08:17:03'
System info: host: 'mohammedathera', ip: '127.0.1.1', os.name: 'Linux', os.arch: 'amd64', os.version: '5.2.17-1rodete3-amd64', java.version: '1.8.0_232'
Driver info: driver.version: AppiumDriver
at io.appium.java_client.remote.AppiumCommandExecutor$1.createSession(AppiumCommandExecutor.java:208)
at io.appium.java_client.remote.AppiumCommandExecutor.createSession(AppiumCommandExecutor.java:217)
at io.appium.java_client.remote.AppiumCommandExecutor.execute(AppiumCommandExecutor.java:239)
at org.openqa.selenium.remote.RemoteWebDriver.execute(RemoteWebDriver.java:552)
at io.appium.java_client.DefaultGenericMobileDriver.execute(DefaultGenericMobileDriver.java:41)
at io.appium.java_client.AppiumDriver.execute(AppiumDriver.java:1)
at org.openqa.selenium.remote.RemoteWebDriver.startSession(RemoteWebDriver.java:213)
at io.appium.java_client.AppiumDriver.startSession(AppiumDriver.java:336)
at org.openqa.selenium.remote.RemoteWebDriver.<init>(RemoteWebDriver.java:131)
at io.appium.java_client.DefaultGenericMobileDriver.<init>(DefaultGenericMobileDriver.java:37)
at io.appium.java_client.AppiumDriver.<init>(AppiumDriver.java:88)
at io.appium.java_client.AppiumDriver.<init>(AppiumDriver.java:98)
at Test_Scripts.Calculator_testcase.setup(Calculator_testcase.java:44)
at io.appium.java_client.remote.AppiumCommandExecutor$1.createSession(AppiumCommandExecutor.java:186)
... 40 more
Caused by: org.openqa.selenium.WebDriverException: An unknown server-side error occurred while processing the command. Original error: Could not find 'adb' in ["/home/mohammedathera/Android/sdk/platform-tools/platform-tools/adb","/home/mohammedathera/Android/sdk/platform-tools/emulator/adb","/home/mohammedathera/Android/sdk/platform-tools/tools/adb","/home/mohammedathera/Android/sdk/platform-tools/tools/bin/adb"]. Do you have Android Build Tools installed at '/home/mohammedathera/Android/sdk/platform-tools'?
Build info: version: '3.141.59', revision: 'e82be7d358', time: '2018-11-14T08:17:03'
System info: host: 'mohammedathera', ip: '127.0.1.1', os.name: 'Linux', os.arch: 'amd64', os.version: '5.2.17-1rodete3-amd64', java.version: '1.8.0_232'
Driver info: driver.version: AppiumDriver
remote stacktrace: UnknownError: An unknown server-side error occurred while processing the command. Original error: Could not find 'adb' in ["/home/mohammedathera/Android/sdk/platform-tools/platform-tools/adb","/home/mohammedathera/Android/sdk/platform-tools/emulator/adb","/home/mohammedathera/Android/sdk/platform-tools/tools/adb","/home/mohammedathera/Android/sdk/platform-tools/tools/bin/adb"]. Do you have Android Build Tools installed at '/home/mohammedathera/Android/sdk/platform-tools'?
    at getResponseForW3CError (/home/mohammedathera/.npm-packages/lib/node_modules/appium/node_modules/appium-base-driver/lib/protocol/errors.js:804:9)
    at asyncHandler (/home/mohammedathera/.npm-packages/lib/node_modules/appium/node_modules/appium-base-driver/lib/protocol/protocol.js:388:37)
at org.openqa.selenium.remote.W3CHandshakeResponse.lambda$errorHandler$0(W3CHandshakeResponse.java:62)
at org.openqa.selenium.remote.HandshakeResponse.lambda$getResponseFunction$0(HandshakeResponse.java:30)
at org.openqa.selenium.remote.ProtocolHandshake.lambda$createSession$0(ProtocolHandshake.java:126)
at java.util.stream.ReferencePipeline$3$1.accept(ReferencePipeline.java:193)
at java.util.Spliterators$ArraySpliterator.tryAdvance(Spliterators.java:958)
at java.util.stream.ReferencePipeline.forEachWithCancel(ReferencePipeline.java:126)
at java.util.stream.AbstractPipeline.copyIntoWithCancel(AbstractPipeline.java:499)
at java.util.stream.AbstractPipeline.copyInto(AbstractPipeline.java:486)
at java.util.stream.AbstractPipeline.wrapAndCopyInto(AbstractPipeline.java:472)
at java.util.stream.FindOps$FindOp.evaluateSequential(FindOps.java:152)
at java.util.stream.AbstractPipeline.evaluate(AbstractPipeline.java:234)
at java.util.stream.ReferencePipeline.findFirst(ReferencePipeline.java:531)
at org.openqa.selenium.remote.ProtocolHandshake.createSession(ProtocolHandshake.java:128)
... 45 more
... Removed 37 stack frames]]>
    </failure>
  </testcase> <!-- @BeforeMethod setup -->
  <testcase name="@AfterMethod appclose" time="0.0" classname="Test_Scripts.Calculator_testcase">
    <skipped/>
  </testcase> <!-- @AfterMethod appclose -->
  <testcase name="sum" time="0.0" classname="Test_Scripts.Calculator_testcase">
    <skipped/>
  </testcase> <!-- sum -->
</testsuite> <!-- Test -->
