<?xml version="1.0" encoding="UTF-8"?>
<testsuite xmlns:xsi="http://www.w3.org/2001/XMLSchema-instance" xsi:noNamespaceSchemaLocation="https://maven.apache.org/surefire/maven-surefire-plugin/xsd/surefire-test-report-3.0.xsd" version="3.0" name="TestSuite" time="8.698" tests="6" errors="0" skipped="4" failures="2">
  <properties>
[...]
</properties>
  <testcase name="loginPageTitleTest" classname="com.qa.tests.LoginPageTest" time="0.011">
    <failure type="java.lang.NullPointerException"><![CDATA[java.lang.NullPointerException
	at com.qa.tests.LoginPageTest.loginPageTitleTest(LoginPageTest.java:32)
]]></failure>
    <system-err><![CDATA[1592049417102	mozrunner::runner	INFO	Running command: "/usr/bin/firefox" "-marionette" "-foreground" "-no-remote" "-profile" "/tmp/rust_mozprofile.GvLWTXLQYDD3"
1592049417606	addons.webextension.screenshots@mozilla.org	WARN	Loading extension 'screenshots@mozilla.org': Reading manifest: Invalid extension permission: mozillaAddons
1592049417606	addons.webextension.screenshots@mozilla.org	WARN	Loading extension 'screenshots@mozilla.org': Reading manifest: Invalid extension permission: telemetry
1592049417606	addons.webextension.screenshots@mozilla.org	WARN	Loading extension 'screenshots@mozilla.org': Reading manifest: Invalid extension permission: resource://pdf.js/
1592049417607	addons.webextension.screenshots@mozilla.org	WARN	Loading extension 'screenshots@mozilla.org': Reading manifest: Invalid extension permission: about:reader*
JavaScript error: undefined, line 14: Error: An unexpected error occurred
JavaScript error: moz-extension://1911b710-bba9-4ecd-9c52-36d97d6f3153/lib/picture_in_picture_overrides.js, line 15: Error: Incorrect argument types for pictureInPictureParent.setOverrides.
JavaScript error: resource:///modules/sessionstore/SessionStore.jsm, line 1325: uncaught exception: 2147746065
1592049419929	Marionette	INFO	Listening on port 45507
1592049420012	Marionette	WARN	TLS certificate errors will be ignored for this session
Jun 13, 2020 5:27:00 PM org.openqa.selenium.remote.ProtocolHandshake createSession
INFO: Detected dialect: W3C
]]></system-err>
  </testcase>
  <testcase name="tearDown" classname="com.qa.tests.LoginPageTest" time="0.012">
    <failure type="java.lang.NullPointerException"><![CDATA[java.lang.NullPointerException
	at com.qa.tests.LoginPageTest.tearDown(LoginPageTest.java:50)
]]></failure>
  </testcase>
  <testcase name="setUp" classname="com.qa.tests.LoginPageTest" time="0">
    <skipped/>
  </testcase>
  <testcase name="setUp" classname="com.qa.tests.LoginPageTest" time="0">
    <skipped/>
  </testcase>
  <testcase name="crmLogoImageTest" classname="com.qa.tests.LoginPageTest" time="0">
    <skipped/>
  </testcase>
  <testcase name="loginTest" classname="com.qa.tests.LoginPageTest" time="0">
    <skipped/>
  </testcase>
</testsuite>