<?xml version="1.0" encoding="UTF-8"?>
<!-- Generated by org.testng.reporters.JUnitXMLReporter -->
<testsuite hostname="mohammedathera" ignored="0" name="Test" tests="3" failures="1" timestamp="12 Jun 2020 12:33:20 GMT" time="18.31" errors="0">
  <testcase name="@AfterMethod tearDown" time="0.0" classname="com.qa.tests.HomePageTests">
    <failure type="java.lang.NullPointerException">
      <![CDATA[java.lang.NullPointerException
at com.qa.tests.HomePageTests.tearDown(HomePageTests.java:39)
... Removed 28 stack frames]]>
    </failure>
  </testcase> <!-- @AfterMethod tearDown -->
  <testcase name="@BeforeMethod setUp" time="0.0" classname="com.qa.tests.HomePageTests">
    <skipped/>
  </testcase> <!-- @BeforeMethod setUp -->
  <testcase name="@AfterMethod tearDown" time="0.0" classname="com.qa.tests.HomePageTests">
    <skipped/>
  </testcase> <!-- @AfterMethod tearDown -->
  <testcase name="@BeforeMethod setUp" time="0.0" classname="com.qa.tests.HomePageTests">
    <skipped/>
  </testcase> <!-- @BeforeMethod setUp -->
  <testcase name="@AfterMethod tearDown" time="0.0" classname="com.qa.tests.HomePageTests">
    <skipped/>
  </testcase> <!-- @AfterMethod tearDown -->
  <testcase name="homePagePageTitleTest" time="0.009" classname="com.qa.tests.HomePageTests">
    <failure type="java.lang.NullPointerException">
      <![CDATA[java.lang.NullPointerException
at com.qa.pages.HomePage.validateHomePageTitle(HomePage.java:34)
at com.qa.tests.HomePageTests.homePagePageTitleTest(HomePageTests.java:21)
... Removed 25 stack frames]]>
    </failure>
  </testcase> <!-- homePagePageTitleTest -->
  <testcase name="homePageLogoImageTest" time="0.0" classname="com.qa.tests.HomePageTests">
    <skipped/>
  </testcase> <!-- homePageLogoImageTest -->
  <testcase name="homePageBrokenLinksTest" time="0.0" classname="com.qa.tests.HomePageTests">
    <skipped/>
  </testcase> <!-- homePageBrokenLinksTest -->
</testsuite> <!-- Test -->
