<?xml version="1.0" encoding="UTF-8"?>
<testng-results skipped="0" failed="0" ignored="0" total="10" passed="10">
  <reporter-output>
  </reporter-output>
  <suite name="Suite" duration-ms="111208" started-at="2020-06-16T11:30:24Z" finished-at="2020-06-16T11:32:15Z">
    <groups>
    </groups>
    <test name="Test" duration-ms="55154" started-at="2020-06-16T11:30:24Z" finished-at="2020-06-16T11:31:19Z">
      <class name="com.qa.tests.TC_RegisterDDT_002">
        <test-method status="PASS" signature="setup(java.lang.String)[pri:0, instance:com.qa.tests.TC_RegisterDDT_002@1ce92674]" name="setup" is-config="true" duration-ms="5211" started-at="2020-06-16T11:30:41Z" finished-at="2020-06-16T11:30:46Z">
          <params>
            <param index="0">
              <value>
                <![CDATA[firefox]]>
              </value>
            </param>
          </params>
          <reporter-output>
          </reporter-output>
        </test-method> <!-- setup -->
        <test-method status="PASS" signature="registrationTest(java.lang.String, java.lang.String, java.lang.String, java.lang.String, java.lang.String, java.lang.String, java.lang.String, java.lang.String, java.lang.String, java.lang.String, java.lang.String, java.lang.String, java.lang.String)[pri:0, instance:com.qa.tests.TC_RegisterDDT_002@1ce92674]" name="registrationTest" duration-ms="1824" started-at="2020-06-16T11:30:47Z" data-provider="LoginData" finished-at="2020-06-16T11:30:49Z">
          <params>
            <param index="0">
              <value>
                <![CDATA[Ram]]>
              </value>
            </param>
            <param index="1">
              <value>
                <![CDATA[A]]>
              </value>
            </param>
            <param index="2">
              <value>
                <![CDATA[7778889991]]>
              </value>
            </param>
            <param index="3">
              <value>
                <![CDATA[ramatest1@gmail.com]]>
              </value>
            </param>
            <param index="4">
              <value>
                <![CDATA[121 edmond st.]]>
              </value>
            </param>
            <param index="5">
              <value>
                <![CDATA[apt 1]]>
              </value>
            </param>
            <param index="6">
              <value>
                <![CDATA[Edmond]]>
              </value>
            </param>
            <param index="7">
              <value>
                <![CDATA[OK]]>
              </value>
            </param>
            <param index="8">
              <value>
                <![CDATA[73034]]>
              </value>
            </param>
            <param index="9">
              <value>
                <![CDATA[UNITED STATES]]>
              </value>
            </param>
            <param index="10">
              <value>
                <![CDATA[ramatest1@gmail.com]]>
              </value>
            </param>
            <param index="11">
              <value>
                <![CDATA[ramatest1]]>
              </value>
            </param>
            <param index="12">
              <value>
                <![CDATA[ramatest1]]>
              </value>
            </param>
          </params>
          <reporter-output>
          </reporter-output>
        </test-method> <!-- registrationTest -->
        <test-method status="PASS" signature="registrationTest(java.lang.String, java.lang.String, java.lang.String, java.lang.String, java.lang.String, java.lang.String, java.lang.String, java.lang.String, java.lang.String, java.lang.String, java.lang.String, java.lang.String, java.lang.String)[pri:0, instance:com.qa.tests.TC_RegisterDDT_002@1ce92674]" name="registrationTest" duration-ms="1470" started-at="2020-06-16T11:30:49Z" data-provider="LoginData" finished-at="2020-06-16T11:30:51Z">
          <params>
            <param index="0">
              <value>
                <![CDATA[Sam]]>
              </value>
            </param>
            <param index="1">
              <value>
                <![CDATA[D]]>
              </value>
            </param>
            <param index="2">
              <value>
                <![CDATA[7778889992]]>
              </value>
            </param>
            <param index="3">
              <value>
                <![CDATA[samdtest2@gmail.com]]>
              </value>
            </param>
            <param index="4">
              <value>
                <![CDATA[35 euless st.]]>
              </value>
            </param>
            <param index="5">
              <value>
                <![CDATA[apt 2]]>
              </value>
            </param>
            <param index="6">
              <value>
                <![CDATA[Irving]]>
              </value>
            </param>
            <param index="7">
              <value>
                <![CDATA[TX]]>
              </value>
            </param>
            <param index="8">
              <value>
                <![CDATA[76155]]>
              </value>
            </param>
            <param index="9">
              <value>
                <![CDATA[UNITED STATES]]>
              </value>
            </param>
            <param index="10">
              <value>
                <![CDATA[samdtest2@gmail.com]]>
              </value>
            </param>
            <param index="11">
              <value>
                <![CDATA[samdtest2]]>
              </value>
            </param>
            <param index="12">
              <value>
                <![CDATA[samdtest2]]>
              </value>
            </param>
          </params>
          <reporter-output>
          </reporter-output>
        </test-method> <!-- registrationTest -->
        <test-method status="PASS" signature="registrationTest(java.lang.String, java.lang.String, java.lang.String, java.lang.String, java.lang.String, java.lang.String, java.lang.String, java.lang.String, java.lang.String, java.lang.String, java.lang.String, java.lang.String, java.lang.String)[pri:0, instance:com.qa.tests.TC_RegisterDDT_002@1ce92674]" name="registrationTest" duration-ms="1571" started-at="2020-06-16T11:30:51Z" data-provider="LoginData" finished-at="2020-06-16T11:30:52Z">
          <params>
            <param index="0">
              <value>
                <![CDATA[Ham]]>
              </value>
            </param>
            <param index="1">
              <value>
                <![CDATA[K]]>
              </value>
            </param>
            <param index="2">
              <value>
                <![CDATA[7778889993]]>
              </value>
            </param>
            <param index="3">
              <value>
                <![CDATA[hamktest3@gmail.com]]>
              </value>
            </param>
            <param index="4">
              <value>
                <![CDATA[183 jerusalem ave.]]>
              </value>
            </param>
            <param index="5">
              <value>
                <![CDATA[apt 3]]>
              </value>
            </param>
            <param index="6">
              <value>
                <![CDATA[Hicksville]]>
              </value>
            </param>
            <param index="7">
              <value>
                <![CDATA[NY]]>
              </value>
            </param>
            <param index="8">
              <value>
                <![CDATA[11801]]>
              </value>
            </param>
            <param index="9">
              <value>
                <![CDATA[UNITED STATES]]>
              </value>
            </param>
            <param index="10">
              <value>
                <![CDATA[hamktest3@gmail.com]]>
              </value>
            </param>
            <param index="11">
              <value>
                <![CDATA[hamktest3]]>
              </value>
            </param>
            <param index="12">
              <value>
                <![CDATA[hamktest3]]>
              </value>
            </param>
          </params>
          <reporter-output>
          </reporter-output>
        </test-method> <!-- registrationTest -->
        <test-method status="PASS" signature="tearDown()[pri:0, instance:com.qa.tests.TC_RegisterDDT_002@1ce92674]" name="tearDown" is-config="true" duration-ms="833" started-at="2020-06-16T11:30:52Z" finished-at="2020-06-16T11:30:53Z">
          <reporter-output>
          </reporter-output>
        </test-method> <!-- tearDown -->
      </class> <!-- com.qa.tests.TC_RegisterDDT_002 -->
      <class name="com.qa.tests.TC_Login_001">
        <test-method status="PASS" signature="setup(java.lang.String)[pri:0, instance:com.qa.tests.TC_Login_001@7085bdee]" name="setup" is-config="true" duration-ms="5847" started-at="2020-06-16T11:30:24Z" finished-at="2020-06-16T11:30:30Z">
          <params>
            <param index="0">
              <value>
                <![CDATA[firefox]]>
              </value>
            </param>
          </params>
          <reporter-output>
          </reporter-output>
        </test-method> <!-- setup -->
        <test-method status="PASS" signature="loginTest()[pri:0, instance:com.qa.tests.TC_Login_001@7085bdee]" name="loginTest" duration-ms="10374" started-at="2020-06-16T11:30:30Z" finished-at="2020-06-16T11:30:40Z">
          <reporter-output>
          </reporter-output>
        </test-method> <!-- loginTest -->
        <test-method status="PASS" signature="tearDown()[pri:0, instance:com.qa.tests.TC_Login_001@7085bdee]" name="tearDown" is-config="true" duration-ms="850" started-at="2020-06-16T11:30:40Z" finished-at="2020-06-16T11:30:41Z">
          <reporter-output>
          </reporter-output>
        </test-method> <!-- tearDown -->
      </class> <!-- com.qa.tests.TC_Login_001 -->
      <class name="com.qa.tests.TC_FlightTicket_003">
        <test-method status="PASS" signature="setup(java.lang.String)[pri:0, instance:com.qa.tests.TC_FlightTicket_003@5700d6b1]" name="setup" is-config="true" duration-ms="5011" started-at="2020-06-16T11:30:53Z" finished-at="2020-06-16T11:30:58Z">
          <params>
            <param index="0">
              <value>
                <![CDATA[firefox]]>
              </value>
            </param>
          </params>
          <reporter-output>
          </reporter-output>
        </test-method> <!-- setup -->
        <test-method status="PASS" signature="reservation()[pri:0, instance:com.qa.tests.TC_FlightTicket_003@5700d6b1]" name="reservation" duration-ms="19870" started-at="2020-06-16T11:30:58Z" finished-at="2020-06-16T11:31:18Z">
          <reporter-output>
          </reporter-output>
        </test-method> <!-- reservation -->
        <test-method status="PASS" signature="tearDown()[pri:0, instance:com.qa.tests.TC_FlightTicket_003@5700d6b1]" name="tearDown" is-config="true" duration-ms="914" started-at="2020-06-16T11:31:18Z" finished-at="2020-06-16T11:31:19Z">
          <reporter-output>
          </reporter-output>
        </test-method> <!-- tearDown -->
      </class> <!-- com.qa.tests.TC_FlightTicket_003 -->
    </test> <!-- Test -->
    <test name="Test1" duration-ms="56046" started-at="2020-06-16T11:31:19Z" finished-at="2020-06-16T11:32:15Z">
      <class name="com.qa.tests.TC_RegisterDDT_002">
        <test-method status="PASS" signature="setup(java.lang.String)[pri:0, instance:com.qa.tests.TC_RegisterDDT_002@6e1ec318]" name="setup" is-config="true" duration-ms="3883" started-at="2020-06-16T11:31:36Z" finished-at="2020-06-16T11:31:40Z">
          <params>
            <param index="0">
              <value>
                <![CDATA[chrome]]>
              </value>
            </param>
          </params>
          <reporter-output>
          </reporter-output>
        </test-method> <!-- setup -->
        <test-method status="PASS" signature="registrationTest(java.lang.String, java.lang.String, java.lang.String, java.lang.String, java.lang.String, java.lang.String, java.lang.String, java.lang.String, java.lang.String, java.lang.String, java.lang.String, java.lang.String, java.lang.String)[pri:0, instance:com.qa.tests.TC_RegisterDDT_002@6e1ec318]" name="registrationTest" duration-ms="3150" started-at="2020-06-16T11:31:40Z" data-provider="LoginData" finished-at="2020-06-16T11:31:43Z">
          <params>
            <param index="0">
              <value>
                <![CDATA[Ram]]>
              </value>
            </param>
            <param index="1">
              <value>
                <![CDATA[A]]>
              </value>
            </param>
            <param index="2">
              <value>
                <![CDATA[7778889991]]>
              </value>
            </param>
            <param index="3">
              <value>
                <![CDATA[ramatest1@gmail.com]]>
              </value>
            </param>
            <param index="4">
              <value>
                <![CDATA[121 edmond st.]]>
              </value>
            </param>
            <param index="5">
              <value>
                <![CDATA[apt 1]]>
              </value>
            </param>
            <param index="6">
              <value>
                <![CDATA[Edmond]]>
              </value>
            </param>
            <param index="7">
              <value>
                <![CDATA[OK]]>
              </value>
            </param>
            <param index="8">
              <value>
                <![CDATA[73034]]>
              </value>
            </param>
            <param index="9">
              <value>
                <![CDATA[UNITED STATES]]>
              </value>
            </param>
            <param index="10">
              <value>
                <![CDATA[ramatest1@gmail.com]]>
              </value>
            </param>
            <param index="11">
              <value>
                <![CDATA[ramatest1]]>
              </value>
            </param>
            <param index="12">
              <value>
                <![CDATA[ramatest1]]>
              </value>
            </param>
          </params>
          <reporter-output>
          </reporter-output>
        </test-method> <!-- registrationTest -->
        <test-method status="PASS" signature="registrationTest(java.lang.String, java.lang.String, java.lang.String, java.lang.String, java.lang.String, java.lang.String, java.lang.String, java.lang.String, java.lang.String, java.lang.String, java.lang.String, java.lang.String, java.lang.String)[pri:0, instance:com.qa.tests.TC_RegisterDDT_002@6e1ec318]" name="registrationTest" duration-ms="3153" started-at="2020-06-16T11:31:43Z" data-provider="LoginData" finished-at="2020-06-16T11:31:47Z">
          <params>
            <param index="0">
              <value>
                <![CDATA[Sam]]>
              </value>
            </param>
            <param index="1">
              <value>
                <![CDATA[D]]>
              </value>
            </param>
            <param index="2">
              <value>
                <![CDATA[7778889992]]>
              </value>
            </param>
            <param index="3">
              <value>
                <![CDATA[samdtest2@gmail.com]]>
              </value>
            </param>
            <param index="4">
              <value>
                <![CDATA[35 euless st.]]>
              </value>
            </param>
            <param index="5">
              <value>
                <![CDATA[apt 2]]>
              </value>
            </param>
            <param index="6">
              <value>
                <![CDATA[Irving]]>
              </value>
            </param>
            <param index="7">
              <value>
                <![CDATA[TX]]>
              </value>
            </param>
            <param index="8">
              <value>
                <![CDATA[76155]]>
              </value>
            </param>
            <param index="9">
              <value>
                <![CDATA[UNITED STATES]]>
              </value>
            </param>
            <param index="10">
              <value>
                <![CDATA[samdtest2@gmail.com]]>
              </value>
            </param>
            <param index="11">
              <value>
                <![CDATA[samdtest2]]>
              </value>
            </param>
            <param index="12">
              <value>
                <![CDATA[samdtest2]]>
              </value>
            </param>
          </params>
          <reporter-output>
          </reporter-output>
        </test-method> <!-- registrationTest -->
        <test-method status="PASS" signature="registrationTest(java.lang.String, java.lang.String, java.lang.String, java.lang.String, java.lang.String, java.lang.String, java.lang.String, java.lang.String, java.lang.String, java.lang.String, java.lang.String, java.lang.String, java.lang.String)[pri:0, instance:com.qa.tests.TC_RegisterDDT_002@6e1ec318]" name="registrationTest" duration-ms="3404" started-at="2020-06-16T11:31:47Z" data-provider="LoginData" finished-at="2020-06-16T11:31:50Z">
          <params>
            <param index="0">
              <value>
                <![CDATA[Ham]]>
              </value>
            </param>
            <param index="1">
              <value>
                <![CDATA[K]]>
              </value>
            </param>
            <param index="2">
              <value>
                <![CDATA[7778889993]]>
              </value>
            </param>
            <param index="3">
              <value>
                <![CDATA[hamktest3@gmail.com]]>
              </value>
            </param>
            <param index="4">
              <value>
                <![CDATA[183 jerusalem ave.]]>
              </value>
            </param>
            <param index="5">
              <value>
                <![CDATA[apt 3]]>
              </value>
            </param>
            <param index="6">
              <value>
                <![CDATA[Hicksville]]>
              </value>
            </param>
            <param index="7">
              <value>
                <![CDATA[NY]]>
              </value>
            </param>
            <param index="8">
              <value>
                <![CDATA[11801]]>
              </value>
            </param>
            <param index="9">
              <value>
                <![CDATA[UNITED STATES]]>
              </value>
            </param>
            <param index="10">
              <value>
                <![CDATA[hamktest3@gmail.com]]>
              </value>
            </param>
            <param index="11">
              <value>
                <![CDATA[hamktest3]]>
              </value>
            </param>
            <param index="12">
              <value>
                <![CDATA[hamktest3]]>
              </value>
            </param>
          </params>
          <reporter-output>
          </reporter-output>
        </test-method> <!-- registrationTest -->
        <test-method status="PASS" signature="tearDown()[pri:0, instance:com.qa.tests.TC_RegisterDDT_002@6e1ec318]" name="tearDown" is-config="true" duration-ms="68" started-at="2020-06-16T11:31:50Z" finished-at="2020-06-16T11:31:50Z">
          <reporter-output>
          </reporter-output>
        </test-method> <!-- tearDown -->
      </class> <!-- com.qa.tests.TC_RegisterDDT_002 -->
      <class name="com.qa.tests.TC_Login_001">
        <test-method status="PASS" signature="setup(java.lang.String)[pri:0, instance:com.qa.tests.TC_Login_001@10bdf5e5]" name="setup" is-config="true" duration-ms="5212" started-at="2020-06-16T11:31:19Z" finished-at="2020-06-16T11:31:24Z">
          <params>
            <param index="0">
              <value>
                <![CDATA[chrome]]>
              </value>
            </param>
          </params>
          <reporter-output>
          </reporter-output>
        </test-method> <!-- setup -->
        <test-method status="PASS" signature="loginTest()[pri:0, instance:com.qa.tests.TC_Login_001@10bdf5e5]" name="loginTest" duration-ms="11743" started-at="2020-06-16T11:31:24Z" finished-at="2020-06-16T11:31:36Z">
          <reporter-output>
          </reporter-output>
        </test-method> <!-- loginTest -->
        <test-method status="PASS" signature="tearDown()[pri:0, instance:com.qa.tests.TC_Login_001@10bdf5e5]" name="tearDown" is-config="true" duration-ms="75" started-at="2020-06-16T11:31:36Z" finished-at="2020-06-16T11:31:36Z">
          <reporter-output>
          </reporter-output>
        </test-method> <!-- tearDown -->
      </class> <!-- com.qa.tests.TC_Login_001 -->
      <class name="com.qa.tests.TC_FlightTicket_003">
        <test-method status="PASS" signature="setup(java.lang.String)[pri:0, instance:com.qa.tests.TC_FlightTicket_003@7e0b0338]" name="setup" is-config="true" duration-ms="5680" started-at="2020-06-16T11:31:50Z" finished-at="2020-06-16T11:31:56Z">
          <params>
            <param index="0">
              <value>
                <![CDATA[chrome]]>
              </value>
            </param>
          </params>
          <reporter-output>
          </reporter-output>
        </test-method> <!-- setup -->
        <test-method status="PASS" signature="reservation()[pri:0, instance:com.qa.tests.TC_FlightTicket_003@7e0b0338]" name="reservation" duration-ms="19018" started-at="2020-06-16T11:31:56Z" finished-at="2020-06-16T11:32:15Z">
          <reporter-output>
          </reporter-output>
        </test-method> <!-- reservation -->
        <test-method status="PASS" signature="tearDown()[pri:0, instance:com.qa.tests.TC_FlightTicket_003@7e0b0338]" name="tearDown" is-config="true" duration-ms="91" started-at="2020-06-16T11:32:15Z" finished-at="2020-06-16T11:32:15Z">
          <reporter-output>
          </reporter-output>
        </test-method> <!-- tearDown -->
      </class> <!-- com.qa.tests.TC_FlightTicket_003 -->
    </test> <!-- Test1 -->
  </suite> <!-- Suite -->
</testng-results>
