<?xml version="1.0" encoding="UTF-8"?>
<testng-results skipped="0" failed="0" ignored="0" total="5" passed="5">
  <reporter-output>
  </reporter-output>
  <suite name="Suite" duration-ms="55429" started-at="2020-06-16T11:09:46Z" finished-at="2020-06-16T11:10:41Z">
    <groups>
    </groups>
    <test name="Test" duration-ms="55429" started-at="2020-06-16T11:09:46Z" finished-at="2020-06-16T11:10:41Z">
      <class name="testCases.TC_Login_001">
        <test-method status="PASS" signature="setup()[pri:0, instance:testCases.TC_Login_001@59ec2012]" name="setup" is-config="true" duration-ms="5885" started-at="2020-06-16T11:09:46Z" finished-at="2020-06-16T11:09:52Z">
          <reporter-output>
          </reporter-output>
        </test-method> <!-- setup -->
        <test-method status="PASS" signature="loginTest()[pri:0, instance:testCases.TC_Login_001@59ec2012]" name="loginTest" duration-ms="10335" started-at="2020-06-16T11:09:52Z" finished-at="2020-06-16T11:10:02Z">
          <reporter-output>
          </reporter-output>
        </test-method> <!-- loginTest -->
        <test-method status="PASS" signature="tearDown()[pri:0, instance:testCases.TC_Login_001@59ec2012]" name="tearDown" is-config="true" duration-ms="911" started-at="2020-06-16T11:10:02Z" finished-at="2020-06-16T11:10:03Z">
          <reporter-output>
          </reporter-output>
        </test-method> <!-- tearDown -->
      </class> <!-- testCases.TC_Login_001 -->
      <class name="testCases.TC_FlightTicket_003">
        <test-method status="PASS" signature="setup()[pri:0, instance:testCases.TC_FlightTicket_003@2f686d1f]" name="setup" is-config="true" duration-ms="5049" started-at="2020-06-16T11:10:16Z" finished-at="2020-06-16T11:10:21Z">
          <reporter-output>
          </reporter-output>
        </test-method> <!-- setup -->
        <test-method status="PASS" signature="reservation()[pri:0, instance:testCases.TC_FlightTicket_003@2f686d1f]" name="reservation" duration-ms="19490" started-at="2020-06-16T11:10:21Z" finished-at="2020-06-16T11:10:41Z">
          <reporter-output>
          </reporter-output>
        </test-method> <!-- reservation -->
        <test-method status="PASS" signature="tearDown()[pri:0, instance:testCases.TC_FlightTicket_003@2f686d1f]" name="tearDown" is-config="true" duration-ms="842" started-at="2020-06-16T11:10:41Z" finished-at="2020-06-16T11:10:41Z">
          <reporter-output>
          </reporter-output>
        </test-method> <!-- tearDown -->
      </class> <!-- testCases.TC_FlightTicket_003 -->
      <class name="testCases.TC_RegisterDDT_002">
        <test-method status="PASS" signature="setup()[pri:0, instance:testCases.TC_RegisterDDT_002@4cf777e8]" name="setup" is-config="true" duration-ms="5159" started-at="2020-06-16T11:10:03Z" finished-at="2020-06-16T11:10:08Z">
          <reporter-output>
          </reporter-output>
        </test-method> <!-- setup -->
        <test-method status="PASS" signature="registrationTest(java.lang.String, java.lang.String, java.lang.String, java.lang.String, java.lang.String, java.lang.String, java.lang.String, java.lang.String, java.lang.String, java.lang.String, java.lang.String, java.lang.String, java.lang.String)[pri:0, instance:testCases.TC_RegisterDDT_002@4cf777e8]" name="registrationTest" duration-ms="2048" started-at="2020-06-16T11:10:10Z" data-provider="LoginData" finished-at="2020-06-16T11:10:12Z">
          <params>
            <param index="0">
              <value>
                <![CDATA[Ram]]>
              </value>
            </param>
            <param index="1">
              <value>
                <![CDATA[A]]>
              </value>
            </param>
            <param index="2">
              <value>
                <![CDATA[7778889991]]>
              </value>
            </param>
            <param index="3">
              <value>
                <![CDATA[ramatest1@gmail.com]]>
              </value>
            </param>
            <param index="4">
              <value>
                <![CDATA[121 edmond st.]]>
              </value>
            </param>
            <param index="5">
              <value>
                <![CDATA[apt 1]]>
              </value>
            </param>
            <param index="6">
              <value>
                <![CDATA[Edmond]]>
              </value>
            </param>
            <param index="7">
              <value>
                <![CDATA[OK]]>
              </value>
            </param>
            <param index="8">
              <value>
                <![CDATA[73034]]>
              </value>
            </param>
            <param index="9">
              <value>
                <![CDATA[UNITED STATES]]>
              </value>
            </param>
            <param index="10">
              <value>
                <![CDATA[ramatest1@gmail.com]]>
              </value>
            </param>
            <param index="11">
              <value>
                <![CDATA[ramatest1]]>
              </value>
            </param>
            <param index="12">
              <value>
                <![CDATA[ramatest1]]>
              </value>
            </param>
          </params>
          <reporter-output>
          </reporter-output>
        </test-method> <!-- registrationTest -->
        <test-method status="PASS" signature="registrationTest(java.lang.String, java.lang.String, java.lang.String, java.lang.String, java.lang.String, java.lang.String, java.lang.String, java.lang.String, java.lang.String, java.lang.String, java.lang.String, java.lang.String, java.lang.String)[pri:0, instance:testCases.TC_RegisterDDT_002@4cf777e8]" name="registrationTest" duration-ms="1684" started-at="2020-06-16T11:10:12Z" data-provider="LoginData" finished-at="2020-06-16T11:10:13Z">
          <params>
            <param index="0">
              <value>
                <![CDATA[Sam]]>
              </value>
            </param>
            <param index="1">
              <value>
                <![CDATA[D]]>
              </value>
            </param>
            <param index="2">
              <value>
                <![CDATA[7778889992]]>
              </value>
            </param>
            <param index="3">
              <value>
                <![CDATA[samdtest2@gmail.com]]>
              </value>
            </param>
            <param index="4">
              <value>
                <![CDATA[35 euless st.]]>
              </value>
            </param>
            <param index="5">
              <value>
                <![CDATA[apt 2]]>
              </value>
            </param>
            <param index="6">
              <value>
                <![CDATA[Irving]]>
              </value>
            </param>
            <param index="7">
              <value>
                <![CDATA[TX]]>
              </value>
            </param>
            <param index="8">
              <value>
                <![CDATA[76155]]>
              </value>
            </param>
            <param index="9">
              <value>
                <![CDATA[UNITED STATES]]>
              </value>
            </param>
            <param index="10">
              <value>
                <![CDATA[samdtest2@gmail.com]]>
              </value>
            </param>
            <param index="11">
              <value>
                <![CDATA[samdtest2]]>
              </value>
            </param>
            <param index="12">
              <value>
                <![CDATA[samdtest2]]>
              </value>
            </param>
          </params>
          <reporter-output>
          </reporter-output>
        </test-method> <!-- registrationTest -->
        <test-method status="PASS" signature="registrationTest(java.lang.String, java.lang.String, java.lang.String, java.lang.String, java.lang.String, java.lang.String, java.lang.String, java.lang.String, java.lang.String, java.lang.String, java.lang.String, java.lang.String, java.lang.String)[pri:0, instance:testCases.TC_RegisterDDT_002@4cf777e8]" name="registrationTest" duration-ms="1694" started-at="2020-06-16T11:10:13Z" data-provider="LoginData" finished-at="2020-06-16T11:10:15Z">
          <params>
            <param index="0">
              <value>
                <![CDATA[Ham]]>
              </value>
            </param>
            <param index="1">
              <value>
                <![CDATA[K]]>
              </value>
            </param>
            <param index="2">
              <value>
                <![CDATA[7778889993]]>
              </value>
            </param>
            <param index="3">
              <value>
                <![CDATA[hamktest3@gmail.com]]>
              </value>
            </param>
            <param index="4">
              <value>
                <![CDATA[183 jerusalem ave.]]>
              </value>
            </param>
            <param index="5">
              <value>
                <![CDATA[apt 3]]>
              </value>
            </param>
            <param index="6">
              <value>
                <![CDATA[Hicksville]]>
              </value>
            </param>
            <param index="7">
              <value>
                <![CDATA[NY]]>
              </value>
            </param>
            <param index="8">
              <value>
                <![CDATA[11801]]>
              </value>
            </param>
            <param index="9">
              <value>
                <![CDATA[UNITED STATES]]>
              </value>
            </param>
            <param index="10">
              <value>
                <![CDATA[hamktest3@gmail.com]]>
              </value>
            </param>
            <param index="11">
              <value>
                <![CDATA[hamktest3]]>
              </value>
            </param>
            <param index="12">
              <value>
                <![CDATA[hamktest3]]>
              </value>
            </param>
          </params>
          <reporter-output>
          </reporter-output>
        </test-method> <!-- registrationTest -->
        <test-method status="PASS" signature="tearDown()[pri:0, instance:testCases.TC_RegisterDDT_002@4cf777e8]" name="tearDown" is-config="true" duration-ms="1014" started-at="2020-06-16T11:10:15Z" finished-at="2020-06-16T11:10:16Z">
          <reporter-output>
          </reporter-output>
        </test-method> <!-- tearDown -->
      </class> <!-- testCases.TC_RegisterDDT_002 -->
    </test> <!-- Test -->
  </suite> <!-- Suite -->
</testng-results>
