<?xml version="1.0" encoding="UTF-8"?>
<testng-results skipped="0" failed="0" ignored="0" total="1" passed="1">
  <reporter-output>
  </reporter-output>
  <suite name="Default suite" duration-ms="18252" started-at="2020-06-13T09:13:07Z" finished-at="2020-06-13T09:13:25Z">
    <groups>
    </groups>
    <test name="Default test" duration-ms="18252" started-at="2020-06-13T09:13:07Z" finished-at="2020-06-13T09:13:25Z">
      <class name="appium_pack.FirstSeleniumScript">
        <test-method status="PASS" signature="kutta()[pri:0, instance:appium_pack.FirstSeleniumScript@cc285f4]" name="kutta" duration-ms="18222" started-at="2020-06-13T09:13:07Z" finished-at="2020-06-13T09:13:25Z">
          <reporter-output>
          </reporter-output>
        </test-method> <!-- kutta -->
      </class> <!-- appium_pack.FirstSeleniumScript -->
    </test> <!-- Default test -->
  </suite> <!-- Default suite -->
</testng-results>
