<?xml version="1.0" encoding="UTF-8"?>
<!-- Generated by org.testng.reporters.JUnitXMLReporter -->
<testsuite hostname="mohammedathera" ignored="0" name="Test1" tests="5" failures="0" timestamp="16 Jun 2020 11:32:15 GMT" time="56.046" errors="0">
  <testcase name="loginTest" time="11.743" classname="com.qa.tests.TC_Login_001"/>
  <testcase name="registrationTest" time="3.15" classname="com.qa.tests.TC_RegisterDDT_002"/>
  <testcase name="registrationTest" time="3.153" classname="com.qa.tests.TC_RegisterDDT_002"/>
  <testcase name="registrationTest" time="3.404" classname="com.qa.tests.TC_RegisterDDT_002"/>
  <testcase name="reservation" time="19.018" classname="com.qa.tests.TC_FlightTicket_003"/>
</testsuite> <!-- Test1 -->
