<?xml version="1.0" encoding="UTF-8"?>
<!-- Generated by org.testng.reporters.JUnitXMLReporter -->
<testsuite hostname="mohammedathera" ignored="0" name="Test" tests="5" failures="0" timestamp="16 Jun 2020 11:31:19 GMT" time="55.154" errors="0">
  <testcase name="loginTest" time="10.374" classname="com.qa.tests.TC_Login_001"/>
  <testcase name="registrationTest" time="1.824" classname="com.qa.tests.TC_RegisterDDT_002"/>
  <testcase name="registrationTest" time="1.47" classname="com.qa.tests.TC_RegisterDDT_002"/>
  <testcase name="registrationTest" time="1.571" classname="com.qa.tests.TC_RegisterDDT_002"/>
  <testcase name="reservation" time="19.87" classname="com.qa.tests.TC_FlightTicket_003"/>
</testsuite> <!-- Test -->
