<?xml version="1.0" encoding="UTF-8"?>
<!-- Generated by org.testng.reporters.JUnitXMLReporter -->
<testsuite hostname="mohammedathera" ignored="0" name="Test" tests="3" failures="0" timestamp="29 May 2020 19:52:21 GMT" time="20.662" errors="0">
  <testcase name="invalidPassword" time="5.485" classname="com.qa.tests.LoginTests"/>
  <testcase name="invalidUserName" time="4.039" classname="com.qa.tests.LoginTests"/>
  <testcase name="successfullLogin" time="3.361" classname="com.qa.tests.LoginTests"/>
</testsuite> <!-- Test -->
