<?xml version="1.0" encoding="UTF-8"?>
<!-- Generated by org.testng.reporters.JUnitXMLReporter -->
<testsuite hostname="mohammedathera" ignored="0" name="Test" tests="3" failures="0" timestamp="21 May 2020 00:27:05 GMT" time="20.206" errors="0">
  <testcase name="invalidPassword" time="4.843" classname="com.qa.tests.LoginTests"/>
  <testcase name="invalidUserName" time="3.021" classname="com.qa.tests.LoginTests"/>
  <testcase name="successfullLogin" time="2.802" classname="com.qa.tests.LoginTests"/>
</testsuite> <!-- Test -->
