<?xml version="1.0" encoding="UTF-8"?>
<robot generator="Robot 3.2.1 (Python 3.7.7 on linux)" generated="20200622 01:36:42.387" rpa="false">
<suite id="s1" name="MavenApproach" source="/home/mohammedathera/eclipse-workspace/MavenSwagmobile/MavenApproach">
<suite id="s1-s1" name="myTestSuite" source="/home/mohammedathera/eclipse-workspace/MavenSwagmobile/MavenApproach/myTestSuite.robot">
<test id="s1-s1-t1" name="Test1">
<kw name="Log" library="BuiltIn">
<doc>Logs the given message with the given level.</doc>
<arguments>
<arg>Testcase 1 is started</arg>
</arguments>
<msg timestamp="20200622 01:36:42.538" level="INFO">Testcase 1 is started</msg>
<status status="PASS" starttime="20200622 01:36:42.538" endtime="20200622 01:36:42.538"></status>
</kw>
<kw name="Open Application" library="AppiumLibrary">
<doc>Opens a new application to given Appium server.
Capabilities of appium server, Android and iOS,
Please check https://github.com/appium/appium/blob/master/docs/en/writing-running-appium/server-args.md
| *Option*            | *Man.* | *Description*     |
| remote_url          | Yes    | Appium server url |
| alias               | no     | alias             |</doc>
<arguments>
<arg>deviceName=Pixel</arg>
<arg>platformName=Android</arg>
<arg>platformVersion=R</arg>
<arg>udid=FA6A40301235</arg>
<arg>com.swaglabsmobileapp.SplashActivity</arg>
<arg>com.swaglabsmobileapp</arg>
<arg>http://localhost:4723/wd/hub</arg>
</arguments>
<msg timestamp="20200622 01:36:42.539" level="FAIL">Keyword 'AppiumLibrary.Open Application' got positional argument after named arguments.</msg>
<status status="FAIL" starttime="20200622 01:36:42.539" endtime="20200622 01:36:42.539"></status>
</kw>
<doc>login with invalid credentials.</doc>
<status status="FAIL" starttime="20200622 01:36:42.537" endtime="20200622 01:36:42.540" critical="yes">Keyword 'AppiumLibrary.Open Application' got positional argument after named arguments.</status>
</test>
<status status="FAIL" starttime="20200622 01:36:42.430" endtime="20200622 01:36:42.541"></status>
</suite>
<status status="FAIL" starttime="20200622 01:36:42.406" endtime="20200622 01:36:42.543"></status>
</suite>
<statistics>
<total>
<stat pass="0" fail="1">Critical Tests</stat>
<stat pass="0" fail="1">All Tests</stat>
</total>
<tag>
</tag>
<suite>
<stat pass="0" fail="1" id="s1" name="MavenApproach">MavenApproach</stat>
<stat pass="0" fail="1" id="s1-s1" name="myTestSuite">MavenApproach.myTestSuite</stat>
</suite>
</statistics>
<errors>
</errors>
</robot>
