<?xml version="1.0" encoding="UTF-8"?>
<!-- Generated by org.testng.reporters.JUnitXMLReporter -->
<testsuite hostname="mohammedathera" ignored="0" name="Test" tests="5" failures="0" timestamp="16 Jun 2020 11:10:41 GMT" time="55.429" errors="0">
  <testcase name="loginTest" time="10.335" classname="testCases.TC_Login_001"/>
  <testcase name="registrationTest" time="2.048" classname="testCases.TC_RegisterDDT_002"/>
  <testcase name="registrationTest" time="1.684" classname="testCases.TC_RegisterDDT_002"/>
  <testcase name="registrationTest" time="1.694" classname="testCases.TC_RegisterDDT_002"/>
  <testcase name="reservation" time="19.49" classname="testCases.TC_FlightTicket_003"/>
</testsuite> <!-- Test -->
