<?xml version="1.0" encoding="UTF-8"?>
<!-- Generated by org.testng.reporters.JUnitXMLReporter -->
<testsuite hostname="mohammedathera" ignored="0" name="Pixel" tests="3" failures="0" timestamp="2020-06-22T01:39:44 IST" time="28.974" errors="0">
  <testcase name="scenario" time="5.1" classname="com.qa.runners.RunnerBase"/>
  <testcase name="scenario" time="4.637" classname="com.qa.runners.RunnerBase"/>
  <testcase name="scenario" time="5.541" classname="com.qa.runners.RunnerBase"/>
</testsuite> <!-- Pixel -->
