<?xml version="1.0" encoding="UTF-8"?>
<testng-results skipped="0" failed="0" ignored="0" total="1" passed="1">
  <reporter-output>
  </reporter-output>
  <suite name="Suite" duration-ms="13550" started-at="2020-05-24T21:09:44Z" finished-at="2020-05-24T21:09:57Z">
    <groups>
    </groups>
    <test name="Test" duration-ms="13550" started-at="2020-05-24T21:09:44Z" finished-at="2020-05-24T21:09:57Z">
      <class name="Test_Scripts.Calculator_testcase">
        <test-method status="PASS" signature="setup()[pri:0, instance:Test_Scripts.Calculator_testcase@5442a311]" name="setup" is-config="true" duration-ms="9400" started-at="2020-05-24T21:09:44Z" finished-at="2020-05-24T21:09:53Z">
          <reporter-output>
          </reporter-output>
        </test-method> <!-- setup -->
        <test-method status="PASS" signature="sum()[pri:0, instance:Test_Scripts.Calculator_testcase@5442a311]" name="sum" duration-ms="3708" started-at="2020-05-24T21:09:53Z" finished-at="2020-05-24T21:09:57Z">
          <reporter-output>
          </reporter-output>
        </test-method> <!-- sum -->
        <test-method status="PASS" signature="appclose()[pri:0, instance:Test_Scripts.Calculator_testcase@5442a311]" name="appclose" is-config="true" duration-ms="419" started-at="2020-05-24T21:09:57Z" finished-at="2020-05-24T21:09:57Z">
          <reporter-output>
          </reporter-output>
        </test-method> <!-- appclose -->
      </class> <!-- Test_Scripts.Calculator_testcase -->
    </test> <!-- Test -->
  </suite> <!-- Suite -->
</testng-results>
