<?xml version="1.0" encoding="UTF-8"?>
<testng-results skipped="0" failed="0" ignored="0" total="3" passed="3">
  <reporter-output>
  </reporter-output>
  <suite name="Suite" duration-ms="20206" started-at="2020-05-21T00:26:45Z" finished-at="2020-05-21T00:27:05Z">
    <groups>
    </groups>
    <test name="Test" duration-ms="20206" started-at="2020-05-21T00:26:45Z" finished-at="2020-05-21T00:27:05Z">
      <class name="com.qa.tests.LoginTests">
        <test-method status="PASS" signature="beforeTest(java.lang.String, java.lang.String, java.lang.String)[pri:0, instance:com.qa.tests.LoginTests@6ee52dcd]" name="beforeTest" is-config="true" duration-ms="9014" started-at="2020-05-21T00:26:45Z" finished-at="2020-05-21T00:26:54Z">
          <params>
            <param index="0">
              <value>
                <![CDATA[Android]]>
              </value>
            </param>
            <param index="1">
              <value>
                <![CDATA[9.0]]>
              </value>
            </param>
            <param index="2">
              <value>
                <![CDATA[any device name]]>
              </value>
            </param>
          </params>
          <reporter-output>
          </reporter-output>
        </test-method> <!-- beforeTest -->
        <test-method status="PASS" signature="beforeClass()[pri:0, instance:com.qa.tests.LoginTests@6ee52dcd]" name="beforeClass" is-config="true" duration-ms="0" started-at="2020-05-21T00:26:54Z" finished-at="2020-05-21T00:26:54Z">
          <reporter-output>
          </reporter-output>
        </test-method> <!-- beforeClass -->
        <test-method status="PASS" signature="beforeMethod(java.lang.reflect.Method)[pri:0, instance:com.qa.tests.LoginTests@6ee52dcd]" name="beforeMethod" is-config="true" duration-ms="164" started-at="2020-05-21T00:26:54Z" finished-at="2020-05-21T00:26:54Z">
          <params>
            <param index="0">
              <value>
                <![CDATA[public void com.qa.tests.LoginTests.invalidPassword()]]>
              </value>
            </param>
          </params>
          <reporter-output>
          </reporter-output>
        </test-method> <!-- beforeMethod -->
        <test-method status="PASS" signature="invalidPassword()[pri:0, instance:com.qa.tests.LoginTests@6ee52dcd]" name="invalidPassword" duration-ms="4843" started-at="2020-05-21T00:26:54Z" finished-at="2020-05-21T00:26:59Z">
          <reporter-output>
          </reporter-output>
        </test-method> <!-- invalidPassword -->
        <test-method status="PASS" signature="afterMethod()[pri:0, instance:com.qa.tests.LoginTests@6ee52dcd]" name="afterMethod" is-config="true" duration-ms="0" started-at="2020-05-21T00:26:59Z" finished-at="2020-05-21T00:26:59Z">
          <reporter-output>
          </reporter-output>
        </test-method> <!-- afterMethod -->
        <test-method status="PASS" signature="beforeMethod(java.lang.reflect.Method)[pri:0, instance:com.qa.tests.LoginTests@6ee52dcd]" name="beforeMethod" is-config="true" duration-ms="1" started-at="2020-05-21T00:26:59Z" finished-at="2020-05-21T00:26:59Z">
          <params>
            <param index="0">
              <value>
                <![CDATA[public void com.qa.tests.LoginTests.invalidUserName()]]>
              </value>
            </param>
          </params>
          <reporter-output>
          </reporter-output>
        </test-method> <!-- beforeMethod -->
        <test-method status="PASS" signature="invalidUserName()[pri:0, instance:com.qa.tests.LoginTests@6ee52dcd]" name="invalidUserName" duration-ms="3021" started-at="2020-05-21T00:26:59Z" finished-at="2020-05-21T00:27:02Z">
          <reporter-output>
          </reporter-output>
        </test-method> <!-- invalidUserName -->
        <test-method status="PASS" signature="afterMethod()[pri:0, instance:com.qa.tests.LoginTests@6ee52dcd]" name="afterMethod" is-config="true" duration-ms="1" started-at="2020-05-21T00:27:02Z" finished-at="2020-05-21T00:27:02Z">
          <reporter-output>
          </reporter-output>
        </test-method> <!-- afterMethod -->
        <test-method status="PASS" signature="beforeMethod(java.lang.reflect.Method)[pri:0, instance:com.qa.tests.LoginTests@6ee52dcd]" name="beforeMethod" is-config="true" duration-ms="2" started-at="2020-05-21T00:27:02Z" finished-at="2020-05-21T00:27:02Z">
          <params>
            <param index="0">
              <value>
                <![CDATA[public void com.qa.tests.LoginTests.successfullLogin()]]>
              </value>
            </param>
          </params>
          <reporter-output>
          </reporter-output>
        </test-method> <!-- beforeMethod -->
        <test-method status="PASS" signature="successfullLogin()[pri:0, instance:com.qa.tests.LoginTests@6ee52dcd]" name="successfullLogin" duration-ms="2802" started-at="2020-05-21T00:27:02Z" finished-at="2020-05-21T00:27:04Z">
          <reporter-output>
          </reporter-output>
        </test-method> <!-- successfullLogin -->
        <test-method status="PASS" signature="afterClass()[pri:0, instance:com.qa.tests.LoginTests@6ee52dcd]" name="afterClass" is-config="true" duration-ms="1" started-at="2020-05-21T00:27:04Z" finished-at="2020-05-21T00:27:04Z">
          <reporter-output>
          </reporter-output>
        </test-method> <!-- afterClass -->
        <test-method status="PASS" signature="afterMethod()[pri:0, instance:com.qa.tests.LoginTests@6ee52dcd]" name="afterMethod" is-config="true" duration-ms="0" started-at="2020-05-21T00:27:04Z" finished-at="2020-05-21T00:27:04Z">
          <reporter-output>
          </reporter-output>
        </test-method> <!-- afterMethod -->
        <test-method status="PASS" signature="afterTest()[pri:0, instance:com.qa.tests.LoginTests@6ee52dcd]" name="afterTest" is-config="true" duration-ms="337" started-at="2020-05-21T00:27:04Z" finished-at="2020-05-21T00:27:05Z">
          <reporter-output>
          </reporter-output>
        </test-method> <!-- afterTest -->
      </class> <!-- com.qa.tests.LoginTests -->
    </test> <!-- Test -->
  </suite> <!-- Suite -->
</testng-results>
