<?xml version="1.0" encoding="UTF-8"?>
<testng-results ignored="0" total="5" passed="4" failed="1" skipped="0">
  <reporter-output>
  </reporter-output>
  <suite started-at="2020-05-04T22:07:52 CDT" name="mercuryTours" finished-at="2020-05-04T22:11:29 CDT" duration-ms="216354">
    <groups>
    </groups>
    <test started-at="2020-05-04T22:07:52 CDT" name="Mercury App Test" finished-at="2020-05-04T22:11:29 CDT" duration-ms="216354">
      <class name="testCases.TC_Login_001">
        <test-method is-config="true" signature="setup(java.lang.String)[pri:0, instance:testCases.TC_Login_001@3e77a1ed]" started-at="2020-05-04T22:07:53 CDT" name="setup" finished-at="2020-05-04T22:08:08 CDT" duration-ms="14928" status="PASS">
          <params>
            <param index="0">
              <value>
                <![CDATA[chrome]]>
              </value>
            </param>
          </params>
          <reporter-output>
          </reporter-output>
        </test-method> <!-- setup -->
        <test-method signature="loginTest()[pri:0, instance:testCases.TC_Login_001@3e77a1ed]" started-at="2020-05-04T22:08:08 CDT" name="loginTest" finished-at="2020-05-04T22:08:50 CDT" duration-ms="41630" status="PASS">
          <reporter-output>
          </reporter-output>
        </test-method> <!-- loginTest -->
        <test-method is-config="true" signature="tearDown()[pri:0, instance:testCases.TC_Login_001@3e77a1ed]" started-at="2020-05-04T22:08:50 CDT" name="tearDown" finished-at="2020-05-04T22:08:50 CDT" duration-ms="606" status="PASS">
          <reporter-output>
          </reporter-output>
        </test-method> <!-- tearDown -->
      </class> <!-- testCases.TC_Login_001 -->
      <class name="testCases.TC_FlightTicket_003">
        <test-method is-config="true" signature="setup(java.lang.String)[pri:0, instance:testCases.TC_FlightTicket_003@23bb8443]" started-at="2020-05-04T22:09:12 CDT" name="setup" finished-at="2020-05-04T22:09:26 CDT" duration-ms="13719" status="PASS">
          <params>
            <param index="0">
              <value>
                <![CDATA[chrome]]>
              </value>
            </param>
          </params>
          <reporter-output>
          </reporter-output>
        </test-method> <!-- setup -->
        <test-method signature="reservation()[pri:0, instance:testCases.TC_FlightTicket_003@23bb8443]" started-at="2020-05-04T22:09:26 CDT" name="reservation" finished-at="2020-05-04T22:11:28 CDT" duration-ms="122315" status="FAIL">
          <exception class="org.openqa.selenium.NoSuchElementException">
            <message>
              <![CDATA[no such element: Unable to locate element: {"method":"xpath","selector":"(//input[@name='outFlight'])[4]"}
  (Session info: chrome=81.0.4044.129)
For documentation on this error, please visit: https://www.seleniumhq.org/exceptions/no_such_element.html
Build info: version: '3.141.59', revision: 'e82be7d358', time: '2018-11-14T08:17:03'
System info: host: 'LAPTOP-8DAJL6E8', ip: '192.168.200.1', os.name: 'Windows 10', os.arch: 'amd64', os.version: '10.0', java.version: '13.0.1'
Driver info: org.openqa.selenium.chrome.ChromeDriver
Capabilities {acceptInsecureCerts: false, browserName: chrome, browserVersion: 81.0.4044.129, chrome: {chromedriverVersion: 80.0.3987.106 (f68069574609..., userDataDir: C:\Windows\TEMP\scoped_dir2...}, goog:chromeOptions: {debuggerAddress: localhost:63547}, javascriptEnabled: true, networkConnectionEnabled: false, pageLoadStrategy: normal, platform: WINDOWS, platformName: WINDOWS, proxy: Proxy(), setWindowRect: true, strictFileInteractability: false, timeouts: {implicit: 0, pageLoad: 300000, script: 30000}, unhandledPromptBehavior: dismiss and notify}
Session ID: fda85c9c803c2ff6498b3ff86256adeb
*** Element info: {Using=xpath, value=(//input[@name='outFlight'])[4]}]]>
            </message>
            <full-stacktrace>
              <![CDATA[org.openqa.selenium.NoSuchElementException: no such element: Unable to locate element: {"method":"xpath","selector":"(//input[@name='outFlight'])[4]"}
  (Session info: chrome=81.0.4044.129)
For documentation on this error, please visit: https://www.seleniumhq.org/exceptions/no_such_element.html
Build info: version: '3.141.59', revision: 'e82be7d358', time: '2018-11-14T08:17:03'
System info: host: 'LAPTOP-8DAJL6E8', ip: '192.168.200.1', os.name: 'Windows 10', os.arch: 'amd64', os.version: '10.0', java.version: '13.0.1'
Driver info: org.openqa.selenium.chrome.ChromeDriver
Capabilities {acceptInsecureCerts: false, browserName: chrome, browserVersion: 81.0.4044.129, chrome: {chromedriverVersion: 80.0.3987.106 (f68069574609..., userDataDir: C:\Windows\TEMP\scoped_dir2...}, goog:chromeOptions: {debuggerAddress: localhost:63547}, javascriptEnabled: true, networkConnectionEnabled: false, pageLoadStrategy: normal, platform: WINDOWS, platformName: WINDOWS, proxy: Proxy(), setWindowRect: true, strictFileInteractability: false, timeouts: {implicit: 0, pageLoad: 300000, script: 30000}, unhandledPromptBehavior: dismiss and notify}
Session ID: fda85c9c803c2ff6498b3ff86256adeb
*** Element info: {Using=xpath, value=(//input[@name='outFlight'])[4]}
at java.base/jdk.internal.reflect.NativeConstructorAccessorImpl.newInstance0(Native Method)
at java.base/jdk.internal.reflect.NativeConstructorAccessorImpl.newInstance(NativeConstructorAccessorImpl.java:62)
at java.base/jdk.internal.reflect.DelegatingConstructorAccessorImpl.newInstance(DelegatingConstructorAccessorImpl.java:45)
at java.base/java.lang.reflect.Constructor.newInstanceWithCaller(Constructor.java:500)
at java.base/java.lang.reflect.Constructor.newInstance(Constructor.java:481)
at org.openqa.selenium.remote.http.W3CHttpResponseCodec.createException(W3CHttpResponseCodec.java:187)
at org.openqa.selenium.remote.http.W3CHttpResponseCodec.decode(W3CHttpResponseCodec.java:122)
at org.openqa.selenium.remote.http.W3CHttpResponseCodec.decode(W3CHttpResponseCodec.java:49)
at org.openqa.selenium.remote.HttpCommandExecutor.execute(HttpCommandExecutor.java:158)
at org.openqa.selenium.remote.service.DriverCommandExecutor.execute(DriverCommandExecutor.java:83)
at org.openqa.selenium.remote.RemoteWebDriver.execute(RemoteWebDriver.java:552)
at org.openqa.selenium.remote.RemoteWebDriver.findElement(RemoteWebDriver.java:323)
at org.openqa.selenium.remote.RemoteWebDriver.findElementByXPath(RemoteWebDriver.java:428)
at org.openqa.selenium.By$ByXPath.findElement(By.java:353)
at org.openqa.selenium.remote.RemoteWebDriver.findElement(RemoteWebDriver.java:315)
at testCases.TC_FlightTicket_003.reservation(TC_FlightTicket_003.java:71)
at java.base/jdk.internal.reflect.NativeMethodAccessorImpl.invoke0(Native Method)
at java.base/jdk.internal.reflect.NativeMethodAccessorImpl.invoke(NativeMethodAccessorImpl.java:62)
at java.base/jdk.internal.reflect.DelegatingMethodAccessorImpl.invoke(DelegatingMethodAccessorImpl.java:43)
at java.base/java.lang.reflect.Method.invoke(Method.java:567)
at org.testng.internal.MethodInvocationHelper.invokeMethod(MethodInvocationHelper.java:133)
at org.testng.internal.TestInvoker.invokeMethod(TestInvoker.java:584)
at org.testng.internal.TestInvoker.invokeTestMethod(TestInvoker.java:172)
at org.testng.internal.MethodRunner.runInSequence(MethodRunner.java:46)
at org.testng.internal.TestInvoker$MethodInvocationAgent.invoke(TestInvoker.java:804)
at org.testng.internal.TestInvoker.invokeTestMethods(TestInvoker.java:145)
at org.testng.internal.TestMethodWorker.invokeTestMethods(TestMethodWorker.java:146)
at org.testng.internal.TestMethodWorker.run(TestMethodWorker.java:128)
at java.base/java.util.ArrayList.forEach(ArrayList.java:1507)
at org.testng.TestRunner.privateRun(TestRunner.java:770)
at org.testng.TestRunner.run(TestRunner.java:591)
at org.testng.SuiteRunner.runTest(SuiteRunner.java:402)
at org.testng.SuiteRunner.runSequentially(SuiteRunner.java:396)
at org.testng.SuiteRunner.privateRun(SuiteRunner.java:355)
at org.testng.SuiteRunner.run(SuiteRunner.java:304)
at org.testng.SuiteRunnerWorker.runSuite(SuiteRunnerWorker.java:53)
at org.testng.SuiteRunnerWorker.run(SuiteRunnerWorker.java:96)
at org.testng.TestNG.runSuitesSequentially(TestNG.java:1180)
at org.testng.TestNG.runSuitesLocally(TestNG.java:1102)
at org.testng.TestNG.runSuites(TestNG.java:1032)
at org.testng.TestNG.run(TestNG.java:1000)
at org.apache.maven.surefire.testng.TestNGExecutor.run(TestNGExecutor.java:281)
at org.apache.maven.surefire.testng.TestNGXmlTestSuite.execute(TestNGXmlTestSuite.java:75)
at org.apache.maven.surefire.testng.TestNGProvider.invoke(TestNGProvider.java:121)
at org.apache.maven.surefire.booter.ForkedBooter.invokeProviderInSameClassLoader(ForkedBooter.java:290)
at org.apache.maven.surefire.booter.ForkedBooter.runSuitesInProcess(ForkedBooter.java:242)
at org.apache.maven.surefire.booter.ForkedBooter.main(ForkedBooter.java:121)
]]>
            </full-stacktrace>
          </exception> <!-- org.openqa.selenium.NoSuchElementException -->
          <reporter-output>
          </reporter-output>
        </test-method> <!-- reservation -->
        <test-method is-config="true" signature="tearDown()[pri:0, instance:testCases.TC_FlightTicket_003@23bb8443]" started-at="2020-05-04T22:11:28 CDT" name="tearDown" finished-at="2020-05-04T22:11:29 CDT" duration-ms="623" status="PASS">
          <reporter-output>
          </reporter-output>
        </test-method> <!-- tearDown -->
      </class> <!-- testCases.TC_FlightTicket_003 -->
      <class name="testCases.TC_RegisterDDT_002">
        <test-method is-config="true" signature="setup(java.lang.String)[pri:0, instance:testCases.TC_RegisterDDT_002@3ffcd140]" started-at="2020-05-04T22:08:50 CDT" name="setup" finished-at="2020-05-04T22:09:03 CDT" duration-ms="12592" status="PASS">
          <params>
            <param index="0">
              <value>
                <![CDATA[chrome]]>
              </value>
            </param>
          </params>
          <reporter-output>
          </reporter-output>
        </test-method> <!-- setup -->
        <test-method signature="registrationTest(java.lang.String, java.lang.String, java.lang.String, java.lang.String, java.lang.String, java.lang.String, java.lang.String, java.lang.String, java.lang.String, java.lang.String, java.lang.String, java.lang.String, java.lang.String)[pri:0, instance:testCases.TC_RegisterDDT_002@3ffcd140]" started-at="2020-05-04T22:09:05 CDT" name="registrationTest" data-provider="LoginData" finished-at="2020-05-04T22:09:07 CDT" duration-ms="2057" status="PASS">
          <params>
            <param index="0">
              <value>
                <![CDATA[Ram]]>
              </value>
            </param>
            <param index="1">
              <value>
                <![CDATA[A]]>
              </value>
            </param>
            <param index="2">
              <value>
                <![CDATA[7778889991]]>
              </value>
            </param>
            <param index="3">
              <value>
                <![CDATA[ramatest1@gmail.com]]>
              </value>
            </param>
            <param index="4">
              <value>
                <![CDATA[121 edmond st.]]>
              </value>
            </param>
            <param index="5">
              <value>
                <![CDATA[apt 1]]>
              </value>
            </param>
            <param index="6">
              <value>
                <![CDATA[Edmond]]>
              </value>
            </param>
            <param index="7">
              <value>
                <![CDATA[OK]]>
              </value>
            </param>
            <param index="8">
              <value>
                <![CDATA[73034]]>
              </value>
            </param>
            <param index="9">
              <value>
                <![CDATA[UNITED STATES ]]>
              </value>
            </param>
            <param index="10">
              <value>
                <![CDATA[ramatest1@gmail.com]]>
              </value>
            </param>
            <param index="11">
              <value>
                <![CDATA[ramatest1]]>
              </value>
            </param>
            <param index="12">
              <value>
                <![CDATA[ramatest1]]>
              </value>
            </param>
          </params>
          <reporter-output>
          </reporter-output>
        </test-method> <!-- registrationTest -->
        <test-method signature="registrationTest(java.lang.String, java.lang.String, java.lang.String, java.lang.String, java.lang.String, java.lang.String, java.lang.String, java.lang.String, java.lang.String, java.lang.String, java.lang.String, java.lang.String, java.lang.String)[pri:0, instance:testCases.TC_RegisterDDT_002@3ffcd140]" started-at="2020-05-04T22:09:07 CDT" name="registrationTest" data-provider="LoginData" finished-at="2020-05-04T22:09:09 CDT" duration-ms="2064" status="PASS">
          <params>
            <param index="0">
              <value>
                <![CDATA[Sam]]>
              </value>
            </param>
            <param index="1">
              <value>
                <![CDATA[D]]>
              </value>
            </param>
            <param index="2">
              <value>
                <![CDATA[7778889992]]>
              </value>
            </param>
            <param index="3">
              <value>
                <![CDATA[samdtest2@gmail.com]]>
              </value>
            </param>
            <param index="4">
              <value>
                <![CDATA[35 euless st.]]>
              </value>
            </param>
            <param index="5">
              <value>
                <![CDATA[apt 2]]>
              </value>
            </param>
            <param index="6">
              <value>
                <![CDATA[Irving]]>
              </value>
            </param>
            <param index="7">
              <value>
                <![CDATA[TX]]>
              </value>
            </param>
            <param index="8">
              <value>
                <![CDATA[76155]]>
              </value>
            </param>
            <param index="9">
              <value>
                <![CDATA[UNITED STATES ]]>
              </value>
            </param>
            <param index="10">
              <value>
                <![CDATA[samdtest2@gmail.com]]>
              </value>
            </param>
            <param index="11">
              <value>
                <![CDATA[samdtest2]]>
              </value>
            </param>
            <param index="12">
              <value>
                <![CDATA[samdtest2]]>
              </value>
            </param>
          </params>
          <reporter-output>
          </reporter-output>
        </test-method> <!-- registrationTest -->
        <test-method signature="registrationTest(java.lang.String, java.lang.String, java.lang.String, java.lang.String, java.lang.String, java.lang.String, java.lang.String, java.lang.String, java.lang.String, java.lang.String, java.lang.String, java.lang.String, java.lang.String)[pri:0, instance:testCases.TC_RegisterDDT_002@3ffcd140]" started-at="2020-05-04T22:09:09 CDT" name="registrationTest" data-provider="LoginData" finished-at="2020-05-04T22:09:12 CDT" duration-ms="2458" status="PASS">
          <params>
            <param index="0">
              <value>
                <![CDATA[Ham]]>
              </value>
            </param>
            <param index="1">
              <value>
                <![CDATA[K]]>
              </value>
            </param>
            <param index="2">
              <value>
                <![CDATA[7778889993]]>
              </value>
            </param>
            <param index="3">
              <value>
                <![CDATA[hamktest3@gmail.com]]>
              </value>
            </param>
            <param index="4">
              <value>
                <![CDATA[183 jerusalem ave.]]>
              </value>
            </param>
            <param index="5">
              <value>
                <![CDATA[apt 3]]>
              </value>
            </param>
            <param index="6">
              <value>
                <![CDATA[Hicksville]]>
              </value>
            </param>
            <param index="7">
              <value>
                <![CDATA[NY]]>
              </value>
            </param>
            <param index="8">
              <value>
                <![CDATA[11801]]>
              </value>
            </param>
            <param index="9">
              <value>
                <![CDATA[UNITED STATES ]]>
              </value>
            </param>
            <param index="10">
              <value>
                <![CDATA[hamktest3@gmail.com]]>
              </value>
            </param>
            <param index="11">
              <value>
                <![CDATA[hamktest3]]>
              </value>
            </param>
            <param index="12">
              <value>
                <![CDATA[hamktest3]]>
              </value>
            </param>
          </params>
          <reporter-output>
          </reporter-output>
        </test-method> <!-- registrationTest -->
        <test-method is-config="true" signature="tearDown()[pri:0, instance:testCases.TC_RegisterDDT_002@3ffcd140]" started-at="2020-05-04T22:09:12 CDT" name="tearDown" finished-at="2020-05-04T22:09:12 CDT" duration-ms="618" status="PASS">
          <reporter-output>
          </reporter-output>
        </test-method> <!-- tearDown -->
      </class> <!-- testCases.TC_RegisterDDT_002 -->
    </test> <!-- Mercury App Test -->
  </suite> <!-- mercuryTours -->
</testng-results>
