<?xml version="1.0" encoding="UTF-8"?>
<testng-results skipped="0" failed="0" ignored="0" total="3" passed="3">
  <reporter-output>
  </reporter-output>
  <suite name="Suite" duration-ms="20662" started-at="2020-05-29T19:52:01Z" finished-at="2020-05-29T19:52:21Z">
    <groups>
    </groups>
    <test name="Test" duration-ms="20662" started-at="2020-05-29T19:52:01Z" finished-at="2020-05-29T19:52:21Z">
      <class name="com.qa.tests.LoginTests">
        <test-method status="PASS" signature="beforeClass(java.lang.String, java.lang.String, java.lang.String)[pri:0, instance:com.qa.tests.LoginTests@f6c48ac]" name="beforeClass" is-config="true" duration-ms="7290" started-at="2020-05-29T19:52:01Z" finished-at="2020-05-29T19:52:08Z">
          <params>
            <param index="0">
              <value>
                <![CDATA[Android]]>
              </value>
            </param>
            <param index="1">
              <value>
                <![CDATA[9.0]]>
              </value>
            </param>
            <param index="2">
              <value>
                <![CDATA[any device name]]>
              </value>
            </param>
          </params>
          <reporter-output>
          </reporter-output>
        </test-method> <!-- beforeClass -->
        <test-method status="PASS" signature="beforeMethod(java.lang.reflect.Method)[pri:0, instance:com.qa.tests.LoginTests@f6c48ac]" name="beforeMethod" is-config="true" duration-ms="120" started-at="2020-05-29T19:52:08Z" finished-at="2020-05-29T19:52:08Z">
          <params>
            <param index="0">
              <value>
                <![CDATA[public void com.qa.tests.LoginTests.invalidPassword()]]>
              </value>
            </param>
          </params>
          <reporter-output>
          </reporter-output>
        </test-method> <!-- beforeMethod -->
        <test-method status="PASS" signature="invalidPassword()[pri:0, instance:com.qa.tests.LoginTests@f6c48ac]" name="invalidPassword" duration-ms="5485" started-at="2020-05-29T19:52:08Z" finished-at="2020-05-29T19:52:14Z">
          <reporter-output>
          </reporter-output>
        </test-method> <!-- invalidPassword -->
        <test-method status="PASS" signature="afterMethod()[pri:0, instance:com.qa.tests.LoginTests@f6c48ac]" name="afterMethod" is-config="true" duration-ms="0" started-at="2020-05-29T19:52:14Z" finished-at="2020-05-29T19:52:14Z">
          <reporter-output>
          </reporter-output>
        </test-method> <!-- afterMethod -->
        <test-method status="PASS" signature="beforeMethod(java.lang.reflect.Method)[pri:0, instance:com.qa.tests.LoginTests@f6c48ac]" name="beforeMethod" is-config="true" duration-ms="3" started-at="2020-05-29T19:52:14Z" finished-at="2020-05-29T19:52:14Z">
          <params>
            <param index="0">
              <value>
                <![CDATA[public void com.qa.tests.LoginTests.invalidUserName()]]>
              </value>
            </param>
          </params>
          <reporter-output>
          </reporter-output>
        </test-method> <!-- beforeMethod -->
        <test-method status="PASS" signature="invalidUserName()[pri:0, instance:com.qa.tests.LoginTests@f6c48ac]" name="invalidUserName" duration-ms="4039" started-at="2020-05-29T19:52:14Z" finished-at="2020-05-29T19:52:18Z">
          <reporter-output>
          </reporter-output>
        </test-method> <!-- invalidUserName -->
        <test-method status="PASS" signature="afterMethod()[pri:0, instance:com.qa.tests.LoginTests@f6c48ac]" name="afterMethod" is-config="true" duration-ms="0" started-at="2020-05-29T19:52:18Z" finished-at="2020-05-29T19:52:18Z">
          <reporter-output>
          </reporter-output>
        </test-method> <!-- afterMethod -->
        <test-method status="PASS" signature="beforeMethod(java.lang.reflect.Method)[pri:0, instance:com.qa.tests.LoginTests@f6c48ac]" name="beforeMethod" is-config="true" duration-ms="7" started-at="2020-05-29T19:52:18Z" finished-at="2020-05-29T19:52:18Z">
          <params>
            <param index="0">
              <value>
                <![CDATA[public void com.qa.tests.LoginTests.successfullLogin()]]>
              </value>
            </param>
          </params>
          <reporter-output>
          </reporter-output>
        </test-method> <!-- beforeMethod -->
        <test-method status="PASS" signature="successfullLogin()[pri:0, instance:com.qa.tests.LoginTests@f6c48ac]" name="successfullLogin" duration-ms="3361" started-at="2020-05-29T19:52:18Z" finished-at="2020-05-29T19:52:21Z">
          <reporter-output>
          </reporter-output>
        </test-method> <!-- successfullLogin -->
        <test-method status="PASS" signature="afterMethod()[pri:0, instance:com.qa.tests.LoginTests@f6c48ac]" name="afterMethod" is-config="true" duration-ms="0" started-at="2020-05-29T19:52:21Z" finished-at="2020-05-29T19:52:21Z">
          <reporter-output>
          </reporter-output>
        </test-method> <!-- afterMethod -->
        <test-method status="PASS" signature="afterClass()[pri:0, instance:com.qa.tests.LoginTests@f6c48ac]" name="afterClass" is-config="true" duration-ms="331" started-at="2020-05-29T19:52:21Z" finished-at="2020-05-29T19:52:21Z">
          <reporter-output>
          </reporter-output>
        </test-method> <!-- afterClass -->
      </class> <!-- com.qa.tests.LoginTests -->
    </test> <!-- Test -->
  </suite> <!-- Suite -->
</testng-results>
